[ 2015-10-27T14:56:56+08:00 ] 127.0.0.1 /WeChat_vote/index.php
INFO: [ app_begin ] --START--
INFO: ReadHtmlCache Behavior ::run [ RunTime:0.002257s ]
INFO: [ app_begin ] --END-- [ RunTime:0.002451s ]

[ 2015-10-27T14:57:18+08:00 ] 127.0.0.1 /WeChat_vote/index.php
INFO: [ app_begin ] --START--
INFO: ReadHtmlCache Behavior ::run [ RunTime:0.000846s ]
INFO: [ app_begin ] --END-- [ RunTime:0.000998s ]
INFO: [ view_parse ] --START--
INFO: ParseTemplate Behavior ::run [ RunTime:0.025602s ]
INFO: [ view_parse ] --END-- [ RunTime:0.025779s ]
INFO: [ view_filter ] --START--
INFO: ContentReplace Behavior ::run [ RunTime:0.001285s ]
INFO: TokenBuild Behavior ::run [ RunTime:0.001282s ]
INFO: WriteHtmlCache Behavior ::run [ RunTime:0.001011s ]
INFO: ShowRuntime Behavior ::run [ RunTime:0.000871s ]
INFO: [ view_filter ] --END-- [ RunTime:0.004710s ]
INFO: [ view_end ] --START--
INFO: ShowPageTrace Behavior ::run [ RunTime:0.000885s ]
INFO: [ view_end ] --END-- [ RunTime:0.000974s ]

[ 2015-10-27T15:04:22+08:00 ] 127.0.0.1 /WeChat_vote/index.php
INFO: [ app_begin ] --START--
INFO: ReadHtmlCache Behavior ::run [ RunTime:0.000704s ]
INFO: [ app_begin ] --END-- [ RunTime:0.000800s ]
INFO: [ view_parse ] --START--
INFO: ParseTemplate Behavior ::run [ RunTime:0.009052s ]
INFO: [ view_parse ] --END-- [ RunTime:0.009153s ]
INFO: [ view_filter ] --START--
INFO: ContentReplace Behavior ::run [ RunTime:0.000521s ]
INFO: TokenBuild Behavior ::run [ RunTime:0.000494s ]
INFO: WriteHtmlCache Behavior ::run [ RunTime:0.000382s ]
INFO: ShowRuntime Behavior ::run [ RunTime:0.000566s ]
INFO: [ view_filter ] --END-- [ RunTime:0.002173s ]
INFO: [ view_end ] --START--
INFO: ShowPageTrace Behavior ::run [ RunTime:0.000601s ]
INFO: [ view_end ] --END-- [ RunTime:0.000674s ]

[ 2015-10-27T15:08:48+08:00 ] 127.0.0.1 /WeChat_vote/index.php
INFO: [ app_begin ] --START--
INFO: ReadHtmlCache Behavior ::run [ RunTime:0.000738s ]
INFO: [ app_begin ] --END-- [ RunTime:0.000845s ]
INFO: [ view_parse ] --START--
INFO: ParseTemplate Behavior ::run [ RunTime:0.011002s ]
INFO: [ view_parse ] --END-- [ RunTime:0.011135s ]
INFO: [ view_filter ] --START--
INFO: ContentReplace Behavior ::run [ RunTime:0.000536s ]
INFO: TokenBuild Behavior ::run [ RunTime:0.000495s ]
INFO: WriteHtmlCache Behavior ::run [ RunTime:0.000385s ]
INFO: ShowRuntime Behavior ::run [ RunTime:0.000581s ]
INFO: [ view_filter ] --END-- [ RunTime:0.002204s ]
INFO: [ view_end ] --START--
INFO: ShowPageTrace Behavior ::run [ RunTime:0.000617s ]
INFO: [ view_end ] --END-- [ RunTime:0.000692s ]

[ 2015-10-27T15:10:14+08:00 ] 127.0.0.1 /WeChat_vote/index.php
INFO: [ app_begin ] --START--
INFO: ReadHtmlCache Behavior ::run [ RunTime:0.000763s ]
INFO: [ app_begin ] --END-- [ RunTime:0.000873s ]
INFO: [ view_parse ] --START--
INFO: ParseTemplate Behavior ::run [ RunTime:0.010528s ]
INFO: [ view_parse ] --END-- [ RunTime:0.010641s ]
INFO: [ view_filter ] --START--
INFO: ContentReplace Behavior ::run [ RunTime:0.000740s ]
INFO: TokenBuild Behavior ::run [ RunTime:0.000916s ]
INFO: WriteHtmlCache Behavior ::run [ RunTime:0.000664s ]
INFO: ShowRuntime Behavior ::run [ RunTime:0.000693s ]
INFO: [ view_filter ] --END-- [ RunTime:0.003285s ]
INFO: [ view_end ] --START--
INFO: ShowPageTrace Behavior ::run [ RunTime:0.000716s ]
INFO: [ view_end ] --END-- [ RunTime:0.000802s ]

[ 2015-10-27T15:10:25+08:00 ] 127.0.0.1 /WeChat_vote/index.php
INFO: [ app_begin ] --START--
INFO: ReadHtmlCache Behavior ::run [ RunTime:0.001157s ]
INFO: [ app_begin ] --END-- [ RunTime:0.001313s ]
INFO: [ view_parse ] --START--
INFO: ParseTemplate Behavior ::run [ RunTime:0.013729s ]
INFO: [ view_parse ] --END-- [ RunTime:0.013881s ]
INFO: [ view_filter ] --START--
INFO: ContentReplace Behavior ::run [ RunTime:0.000554s ]
INFO: TokenBuild Behavior ::run [ RunTime:0.000507s ]
INFO: WriteHtmlCache Behavior ::run [ RunTime:0.000388s ]
INFO: ShowRuntime Behavior ::run [ RunTime:0.000564s ]
INFO: [ view_filter ] --END-- [ RunTime:0.002225s ]
INFO: [ view_end ] --START--
INFO: ShowPageTrace Behavior ::run [ RunTime:0.000605s ]
INFO: [ view_end ] --END-- [ RunTime:0.000683s ]

[ 2015-10-27T15:10:30+08:00 ] 127.0.0.1 /WeChat_vote/index.php
INFO: [ app_begin ] --START--
INFO: ReadHtmlCache Behavior ::run [ RunTime:0.000709s ]
INFO: [ app_begin ] --END-- [ RunTime:0.000810s ]
INFO: [ view_parse ] --START--
INFO: ParseTemplate Behavior ::run [ RunTime:0.009214s ]
INFO: [ view_parse ] --END-- [ RunTime:0.009321s ]
INFO: [ view_filter ] --START--
INFO: ContentReplace Behavior ::run [ RunTime:0.000538s ]
INFO: TokenBuild Behavior ::run [ RunTime:0.000491s ]
INFO: WriteHtmlCache Behavior ::run [ RunTime:0.000383s ]
INFO: ShowRuntime Behavior ::run [ RunTime:0.000562s ]
INFO: [ view_filter ] --END-- [ RunTime:0.002183s ]
INFO: [ view_end ] --START--
INFO: ShowPageTrace Behavior ::run [ RunTime:0.000606s ]
INFO: [ view_end ] --END-- [ RunTime:0.000682s ]

[ 2015-10-27T15:15:44+08:00 ] 127.0.0.1 /WeChat_vote/index.php
INFO: [ app_begin ] --START--
INFO: ReadHtmlCache Behavior ::run [ RunTime:0.001100s ]
INFO: [ app_begin ] --END-- [ RunTime:0.001229s ]
INFO: [ view_parse ] --START--
INFO: ParseTemplate Behavior ::run [ RunTime:0.008691s ]
INFO: [ view_parse ] --END-- [ RunTime:0.008788s ]
INFO: [ view_filter ] --START--
INFO: ContentReplace Behavior ::run [ RunTime:0.000511s ]
INFO: TokenBuild Behavior ::run [ RunTime:0.000479s ]
INFO: WriteHtmlCache Behavior ::run [ RunTime:0.000384s ]
INFO: ShowRuntime Behavior ::run [ RunTime:0.000546s ]
INFO: [ view_filter ] --END-- [ RunTime:0.002126s ]
INFO: [ view_end ] --START--
INFO: ShowPageTrace Behavior ::run [ RunTime:0.000592s ]
INFO: [ view_end ] --END-- [ RunTime:0.000666s ]

[ 2015-10-27T15:15:45+08:00 ] 127.0.0.1 /WeChat_vote/index.php
INFO: [ app_begin ] --START--
INFO: ReadHtmlCache Behavior ::run [ RunTime:0.000667s ]
INFO: [ app_begin ] --END-- [ RunTime:0.000763s ]
INFO: [ view_parse ] --START--
INFO: ParseTemplate Behavior ::run [ RunTime:0.009380s ]
INFO: [ view_parse ] --END-- [ RunTime:0.009485s ]
INFO: [ view_filter ] --START--
INFO: ContentReplace Behavior ::run [ RunTime:0.000550s ]
INFO: TokenBuild Behavior ::run [ RunTime:0.000490s ]
INFO: WriteHtmlCache Behavior ::run [ RunTime:0.000457s ]
INFO: ShowRuntime Behavior ::run [ RunTime:0.000567s ]
INFO: [ view_filter ] --END-- [ RunTime:0.002275s ]
INFO: [ view_end ] --START--
INFO: ShowPageTrace Behavior ::run [ RunTime:0.000595s ]
INFO: [ view_end ] --END-- [ RunTime:0.000669s ]

[ 2015-10-27T15:19:31+08:00 ] 127.0.0.1 /WeChat_vote/index.php
INFO: [ app_begin ] --START--
INFO: ReadHtmlCache Behavior ::run [ RunTime:0.001272s ]
INFO: [ app_begin ] --END-- [ RunTime:0.001476s ]
INFO: [ view_parse ] --START--
INFO: ParseTemplate Behavior ::run [ RunTime:0.013262s ]
INFO: [ view_parse ] --END-- [ RunTime:0.013419s ]
INFO: [ view_filter ] --START--
INFO: ContentReplace Behavior ::run [ RunTime:0.000945s ]
INFO: TokenBuild Behavior ::run [ RunTime:0.000876s ]
INFO: WriteHtmlCache Behavior ::run [ RunTime:0.000434s ]
INFO: ShowRuntime Behavior ::run [ RunTime:0.000558s ]
INFO: [ view_filter ] --END-- [ RunTime:0.003139s ]
INFO: [ view_end ] --START--
INFO: ShowPageTrace Behavior ::run [ RunTime:0.000603s ]
INFO: [ view_end ] --END-- [ RunTime:0.000678s ]

[ 2015-10-27T15:19:57+08:00 ] 127.0.0.1 /WeChat_vote/index.php
INFO: [ app_begin ] --START--
INFO: ReadHtmlCache Behavior ::run [ RunTime:0.001487s ]
INFO: [ app_begin ] --END-- [ RunTime:0.001642s ]
INFO: [ view_parse ] --START--
INFO: ParseTemplate Behavior ::run [ RunTime:0.009744s ]
INFO: [ view_parse ] --END-- [ RunTime:0.009875s ]
INFO: [ view_filter ] --START--
INFO: ContentReplace Behavior ::run [ RunTime:0.000540s ]
INFO: TokenBuild Behavior ::run [ RunTime:0.000572s ]
INFO: WriteHtmlCache Behavior ::run [ RunTime:0.000397s ]
INFO: ShowRuntime Behavior ::run [ RunTime:0.000565s ]
INFO: [ view_filter ] --END-- [ RunTime:0.002284s ]
INFO: [ view_end ] --START--
INFO: ShowPageTrace Behavior ::run [ RunTime:0.000800s ]
INFO: [ view_end ] --END-- [ RunTime:0.000882s ]

[ 2015-10-27T15:20:56+08:00 ] 127.0.0.1 /WeChat_vote/index.php
INFO: [ app_begin ] --START--
INFO: ReadHtmlCache Behavior ::run [ RunTime:0.001100s ]
INFO: [ app_begin ] --END-- [ RunTime:0.001253s ]
INFO: [ view_parse ] --START--
INFO: ParseTemplate Behavior ::run [ RunTime:0.010132s ]
INFO: [ view_parse ] --END-- [ RunTime:0.010268s ]
INFO: [ view_filter ] --START--
INFO: ContentReplace Behavior ::run [ RunTime:0.000520s ]
INFO: TokenBuild Behavior ::run [ RunTime:0.000483s ]
INFO: WriteHtmlCache Behavior ::run [ RunTime:0.000387s ]
INFO: ShowRuntime Behavior ::run [ RunTime:0.000561s ]
INFO: [ view_filter ] --END-- [ RunTime:0.002159s ]
INFO: [ view_end ] --START--
INFO: ShowPageTrace Behavior ::run [ RunTime:0.000588s ]
INFO: [ view_end ] --END-- [ RunTime:0.000663s ]

[ 2015-10-27T15:58:54+08:00 ] 127.0.0.1 /WeChat_vote/index.php
INFO: [ app_begin ] --START--
INFO: ReadHtmlCache Behavior ::run [ RunTime:0.000985s ]
INFO: [ app_begin ] --END-- [ RunTime:0.001122s ]
INFO: [ view_parse ] --START--
INFO: ParseTemplate Behavior ::run [ RunTime:0.011144s ]
INFO: [ view_parse ] --END-- [ RunTime:0.011267s ]
INFO: [ view_filter ] --START--
INFO: ContentReplace Behavior ::run [ RunTime:0.000534s ]
INFO: TokenBuild Behavior ::run [ RunTime:0.000490s ]
INFO: WriteHtmlCache Behavior ::run [ RunTime:0.000389s ]
INFO: ShowRuntime Behavior ::run [ RunTime:0.000549s ]
INFO: [ view_filter ] --END-- [ RunTime:0.002169s ]
INFO: [ view_end ] --START--
INFO: ShowPageTrace Behavior ::run [ RunTime:0.000593s ]
INFO: [ view_end ] --END-- [ RunTime:0.000668s ]

[ 2015-10-27T16:26:53+08:00 ] 127.0.0.1 /WeChat_vote/index.php
INFO: [ app_begin ] --START--
INFO: ReadHtmlCache Behavior ::run [ RunTime:0.000669s ]
INFO: [ app_begin ] --END-- [ RunTime:0.000766s ]
INFO: [ view_parse ] --START--
INFO: ParseTemplate Behavior ::run [ RunTime:0.042478s ]
INFO: [ view_parse ] --END-- [ RunTime:0.042600s ]
INFO: [ view_filter ] --START--
INFO: ContentReplace Behavior ::run [ RunTime:0.000584s ]
INFO: TokenBuild Behavior ::run [ RunTime:0.000489s ]
INFO: WriteHtmlCache Behavior ::run [ RunTime:0.000396s ]
INFO: ShowRuntime Behavior ::run [ RunTime:0.000548s ]
INFO: [ view_filter ] --END-- [ RunTime:0.002224s ]
INFO: [ view_end ] --START--
INFO: ShowPageTrace Behavior ::run [ RunTime:0.000615s ]
INFO: [ view_end ] --END-- [ RunTime:0.000688s ]

[ 2015-10-27T16:29:11+08:00 ] 127.0.0.1 /WeChat_vote/index.php
INFO: [ app_begin ] --START--
INFO: ReadHtmlCache Behavior ::run [ RunTime:0.000990s ]
INFO: [ app_begin ] --END-- [ RunTime:0.001126s ]
INFO: [ view_parse ] --START--
INFO: ParseTemplate Behavior ::run [ RunTime:0.010793s ]
INFO: [ view_parse ] --END-- [ RunTime:0.010927s ]
INFO: [ view_filter ] --START--
INFO: ContentReplace Behavior ::run [ RunTime:0.000722s ]
INFO: TokenBuild Behavior ::run [ RunTime:0.000547s ]
INFO: WriteHtmlCache Behavior ::run [ RunTime:0.000486s ]
INFO: ShowRuntime Behavior ::run [ RunTime:0.000875s ]
INFO: [ view_filter ] --END-- [ RunTime:0.002936s ]
INFO: [ view_end ] --START--
INFO: ShowPageTrace Behavior ::run [ RunTime:0.000648s ]
INFO: [ view_end ] --END-- [ RunTime:0.000723s ]

[ 2015-10-27T16:50:19+08:00 ] 127.0.0.1 /WeChat_vote/index.php
INFO: [ app_begin ] --START--
INFO: ReadHtmlCache Behavior ::run [ RunTime:0.001006s ]
INFO: [ app_begin ] --END-- [ RunTime:0.001140s ]
INFO: [ view_parse ] --START--
INFO: ParseTemplate Behavior ::run [ RunTime:0.009765s ]
INFO: [ view_parse ] --END-- [ RunTime:0.009914s ]
INFO: [ view_filter ] --START--
INFO: ContentReplace Behavior ::run [ RunTime:0.000852s ]
INFO: TokenBuild Behavior ::run [ RunTime:0.000969s ]
INFO: WriteHtmlCache Behavior ::run [ RunTime:0.000675s ]
INFO: ShowRuntime Behavior ::run [ RunTime:0.000812s ]
INFO: [ view_filter ] --END-- [ RunTime:0.003697s ]
INFO: [ view_end ] --START--
INFO: ShowPageTrace Behavior ::run [ RunTime:0.001576s ]
INFO: [ view_end ] --END-- [ RunTime:0.001688s ]

[ 2015-10-27T16:50:55+08:00 ] 127.0.0.1 /WeChat_vote/index.php
INFO: [ app_begin ] --START--
INFO: ReadHtmlCache Behavior ::run [ RunTime:0.001068s ]
INFO: [ app_begin ] --END-- [ RunTime:0.001233s ]
INFO: [ view_parse ] --START--
INFO: ParseTemplate Behavior ::run [ RunTime:0.006401s ]
INFO: [ view_parse ] --END-- [ RunTime:0.006494s ]
INFO: [ view_filter ] --START--
INFO: ContentReplace Behavior ::run [ RunTime:0.000473s ]
INFO: TokenBuild Behavior ::run [ RunTime:0.000625s ]
INFO: WriteHtmlCache Behavior ::run [ RunTime:0.000392s ]
INFO: ShowRuntime Behavior ::run [ RunTime:0.000543s ]
INFO: [ view_filter ] --END-- [ RunTime:0.002243s ]
INFO: [ view_end ] --START--
INFO: ShowPageTrace Behavior ::run [ RunTime:0.000598s ]
INFO: [ view_end ] --END-- [ RunTime:0.000672s ]

[ 2015-10-27T16:51:28+08:00 ] 127.0.0.1 /WeChat_vote/index.php
INFO: [ app_begin ] --START--
INFO: ReadHtmlCache Behavior ::run [ RunTime:0.001010s ]
INFO: [ app_begin ] --END-- [ RunTime:0.001196s ]
INFO: [ view_parse ] --START--
INFO: ParseTemplate Behavior ::run [ RunTime:0.006384s ]
INFO: [ view_parse ] --END-- [ RunTime:0.006513s ]
INFO: [ view_filter ] --START--
INFO: ContentReplace Behavior ::run [ RunTime:0.000412s ]
INFO: TokenBuild Behavior ::run [ RunTime:0.000402s ]
INFO: WriteHtmlCache Behavior ::run [ RunTime:0.000382s ]
INFO: ShowRuntime Behavior ::run [ RunTime:0.000484s ]
INFO: [ view_filter ] --END-- [ RunTime:0.001894s ]
INFO: [ view_end ] --START--
INFO: ShowPageTrace Behavior ::run [ RunTime:0.000565s ]
INFO: [ view_end ] --END-- [ RunTime:0.000653s ]

[ 2015-10-27T16:54:25+08:00 ] 127.0.0.1 /WeChat_vote/index.php
INFO: [ app_begin ] --START--
INFO: ReadHtmlCache Behavior ::run [ RunTime:0.000934s ]
INFO: [ app_begin ] --END-- [ RunTime:0.001069s ]
INFO: [ view_parse ] --START--
INFO: ParseTemplate Behavior ::run [ RunTime:0.009119s ]
INFO: [ view_parse ] --END-- [ RunTime:0.009254s ]
INFO: [ view_filter ] --START--
INFO: ContentReplace Behavior ::run [ RunTime:0.000508s ]
INFO: TokenBuild Behavior ::run [ RunTime:0.000489s ]
INFO: WriteHtmlCache Behavior ::run [ RunTime:0.000387s ]
INFO: ShowRuntime Behavior ::run [ RunTime:0.000551s ]
INFO: [ view_filter ] --END-- [ RunTime:0.002146s ]
INFO: [ view_end ] --START--
INFO: ShowPageTrace Behavior ::run [ RunTime:0.000602s ]
INFO: [ view_end ] --END-- [ RunTime:0.000677s ]

[ 2015-10-27T16:56:02+08:00 ] 127.0.0.1 /WeChat_vote/index.php
INFO: [ app_begin ] --START--
INFO: ReadHtmlCache Behavior ::run [ RunTime:0.000979s ]
INFO: [ app_begin ] --END-- [ RunTime:0.001118s ]
INFO: [ view_parse ] --START--
INFO: ParseTemplate Behavior ::run [ RunTime:0.009922s ]
INFO: [ view_parse ] --END-- [ RunTime:0.010063s ]
INFO: [ view_filter ] --START--
INFO: ContentReplace Behavior ::run [ RunTime:0.000732s ]
INFO: TokenBuild Behavior ::run [ RunTime:0.001093s ]
INFO: WriteHtmlCache Behavior ::run [ RunTime:0.000799s ]
INFO: ShowRuntime Behavior ::run [ RunTime:0.000987s ]
INFO: [ view_filter ] --END-- [ RunTime:0.003927s ]
INFO: [ view_end ] --START--
INFO: ShowPageTrace Behavior ::run [ RunTime:0.000680s ]
INFO: [ view_end ] --END-- [ RunTime:0.000756s ]

[ 2015-10-27T16:56:24+08:00 ] 127.0.0.1 /WeChat_vote/index.php
INFO: [ app_begin ] --START--
INFO: ReadHtmlCache Behavior ::run [ RunTime:0.000987s ]
INFO: [ app_begin ] --END-- [ RunTime:0.001126s ]
INFO: [ view_parse ] --START--
INFO: ParseTemplate Behavior ::run [ RunTime:0.006749s ]
INFO: [ view_parse ] --END-- [ RunTime:0.006848s ]
INFO: [ view_filter ] --START--
INFO: ContentReplace Behavior ::run [ RunTime:0.000488s ]
INFO: TokenBuild Behavior ::run [ RunTime:0.000502s ]
INFO: WriteHtmlCache Behavior ::run [ RunTime:0.000387s ]
INFO: ShowRuntime Behavior ::run [ RunTime:0.000567s ]
INFO: [ view_filter ] --END-- [ RunTime:0.002155s ]
INFO: [ view_end ] --START--
INFO: ShowPageTrace Behavior ::run [ RunTime:0.000611s ]
INFO: [ view_end ] --END-- [ RunTime:0.000685s ]

[ 2015-10-27T16:56:38+08:00 ] 127.0.0.1 /WeChat_vote/index.php
INFO: [ app_begin ] --START--
INFO: ReadHtmlCache Behavior ::run [ RunTime:0.000969s ]
INFO: [ app_begin ] --END-- [ RunTime:0.001105s ]
INFO: [ view_parse ] --START--
INFO: ParseTemplate Behavior ::run [ RunTime:0.009898s ]
INFO: [ view_parse ] --END-- [ RunTime:0.010043s ]
INFO: [ view_filter ] --START--
INFO: ContentReplace Behavior ::run [ RunTime:0.000525s ]
INFO: TokenBuild Behavior ::run [ RunTime:0.000769s ]
INFO: WriteHtmlCache Behavior ::run [ RunTime:0.000588s ]
INFO: ShowRuntime Behavior ::run [ RunTime:0.000583s ]
INFO: [ view_filter ] --END-- [ RunTime:0.002713s ]
INFO: [ view_end ] --START--
INFO: ShowPageTrace Behavior ::run [ RunTime:0.000609s ]
INFO: [ view_end ] --END-- [ RunTime:0.000684s ]

[ 2015-10-27T16:57:28+08:00 ] 127.0.0.1 /WeChat_vote/index.php
INFO: [ app_begin ] --START--
INFO: ReadHtmlCache Behavior ::run [ RunTime:0.000903s ]
INFO: [ app_begin ] --END-- [ RunTime:0.001047s ]
INFO: [ view_parse ] --START--
INFO: ParseTemplate Behavior ::run [ RunTime:0.008538s ]
INFO: [ view_parse ] --END-- [ RunTime:0.008667s ]
INFO: [ view_filter ] --START--
INFO: ContentReplace Behavior ::run [ RunTime:0.000414s ]
INFO: TokenBuild Behavior ::run [ RunTime:0.000403s ]
INFO: WriteHtmlCache Behavior ::run [ RunTime:0.000302s ]
INFO: ShowRuntime Behavior ::run [ RunTime:0.000462s ]
INFO: [ view_filter ] --END-- [ RunTime:0.001786s ]
INFO: [ view_end ] --START--
INFO: ShowPageTrace Behavior ::run [ RunTime:0.000512s ]
INFO: [ view_end ] --END-- [ RunTime:0.000585s ]

[ 2015-10-27T16:58:55+08:00 ] 127.0.0.1 /WeChat_vote/index.php
INFO: [ app_begin ] --START--
INFO: ReadHtmlCache Behavior ::run [ RunTime:0.000823s ]
INFO: [ app_begin ] --END-- [ RunTime:0.000939s ]
INFO: [ view_parse ] --START--
INFO: ParseTemplate Behavior ::run [ RunTime:0.007280s ]
INFO: [ view_parse ] --END-- [ RunTime:0.007388s ]
INFO: [ view_filter ] --START--
INFO: ContentReplace Behavior ::run [ RunTime:0.000479s ]
INFO: TokenBuild Behavior ::run [ RunTime:0.000475s ]
INFO: WriteHtmlCache Behavior ::run [ RunTime:0.000380s ]
INFO: ShowRuntime Behavior ::run [ RunTime:0.000576s ]
INFO: [ view_filter ] --END-- [ RunTime:0.002165s ]
INFO: [ view_end ] --START--
INFO: ShowPageTrace Behavior ::run [ RunTime:0.000635s ]
INFO: [ view_end ] --END-- [ RunTime:0.000710s ]

[ 2015-10-27T17:00:37+08:00 ] 127.0.0.1 /WeChat_vote/index.php
INFO: [ app_begin ] --START--
INFO: ReadHtmlCache Behavior ::run [ RunTime:0.000661s ]
INFO: [ app_begin ] --END-- [ RunTime:0.000756s ]
INFO: [ view_parse ] --START--
INFO: ParseTemplate Behavior ::run [ RunTime:0.006954s ]
INFO: [ view_parse ] --END-- [ RunTime:0.007057s ]
INFO: [ view_filter ] --START--
INFO: ContentReplace Behavior ::run [ RunTime:0.000490s ]
INFO: TokenBuild Behavior ::run [ RunTime:0.000492s ]
INFO: WriteHtmlCache Behavior ::run [ RunTime:0.000386s ]
INFO: ShowRuntime Behavior ::run [ RunTime:0.000546s ]
INFO: [ view_filter ] --END-- [ RunTime:0.002119s ]
INFO: [ view_end ] --START--
INFO: ShowPageTrace Behavior ::run [ RunTime:0.000600s ]
INFO: [ view_end ] --END-- [ RunTime:0.000671s ]

[ 2015-10-27T17:01:08+08:00 ] 127.0.0.1 /WeChat_vote/index.php
INFO: [ app_begin ] --START--
INFO: ReadHtmlCache Behavior ::run [ RunTime:0.000969s ]
INFO: [ app_begin ] --END-- [ RunTime:0.001105s ]
INFO: [ view_parse ] --START--
INFO: ParseTemplate Behavior ::run [ RunTime:0.010002s ]
INFO: [ view_parse ] --END-- [ RunTime:0.010152s ]
INFO: [ view_filter ] --START--
INFO: ContentReplace Behavior ::run [ RunTime:0.000510s ]
INFO: TokenBuild Behavior ::run [ RunTime:0.000499s ]
INFO: WriteHtmlCache Behavior ::run [ RunTime:0.000384s ]
INFO: ShowRuntime Behavior ::run [ RunTime:0.000550s ]
INFO: [ view_filter ] --END-- [ RunTime:0.002159s ]
INFO: [ view_end ] --START--
INFO: ShowPageTrace Behavior ::run [ RunTime:0.000597s ]
INFO: [ view_end ] --END-- [ RunTime:0.000672s ]

[ 2015-10-27T17:01:55+08:00 ] 127.0.0.1 /WeChat_vote/index.php
INFO: [ app_begin ] --START--
INFO: ReadHtmlCache Behavior ::run [ RunTime:0.000658s ]
INFO: [ app_begin ] --END-- [ RunTime:0.000753s ]
INFO: [ view_parse ] --START--
INFO: ParseTemplate Behavior ::run [ RunTime:0.006979s ]
INFO: [ view_parse ] --END-- [ RunTime:0.007087s ]
INFO: [ view_filter ] --START--
INFO: ContentReplace Behavior ::run [ RunTime:0.000511s ]
INFO: TokenBuild Behavior ::run [ RunTime:0.000484s ]
INFO: WriteHtmlCache Behavior ::run [ RunTime:0.000386s ]
INFO: ShowRuntime Behavior ::run [ RunTime:0.000558s ]
INFO: [ view_filter ] --END-- [ RunTime:0.002195s ]
INFO: [ view_end ] --START--
INFO: ShowPageTrace Behavior ::run [ RunTime:0.000639s ]
INFO: [ view_end ] --END-- [ RunTime:0.000714s ]

[ 2015-10-27T17:06:16+08:00 ] 127.0.0.1 /WeChat_vote/index.php
INFO: [ app_begin ] --START--
INFO: ReadHtmlCache Behavior ::run [ RunTime:0.000698s ]
INFO: [ app_begin ] --END-- [ RunTime:0.000801s ]
INFO: [ view_parse ] --START--
INFO: ParseTemplate Behavior ::run [ RunTime:0.006976s ]
INFO: [ view_parse ] --END-- [ RunTime:0.007130s ]
INFO: [ view_filter ] --START--
INFO: ContentReplace Behavior ::run [ RunTime:0.000491s ]
INFO: TokenBuild Behavior ::run [ RunTime:0.000747s ]
INFO: WriteHtmlCache Behavior ::run [ RunTime:0.000483s ]
INFO: ShowRuntime Behavior ::run [ RunTime:0.000568s ]
INFO: [ view_filter ] --END-- [ RunTime:0.002563s ]
INFO: [ view_end ] --START--
INFO: ShowPageTrace Behavior ::run [ RunTime:0.000615s ]
INFO: [ view_end ] --END-- [ RunTime:0.000692s ]

[ 2015-10-27T17:07:24+08:00 ] 127.0.0.1 /WeChat_vote/index.php
INFO: [ app_begin ] --START--
INFO: ReadHtmlCache Behavior ::run [ RunTime:0.000828s ]
INFO: [ app_begin ] --END-- [ RunTime:0.000983s ]
INFO: [ view_parse ] --START--
INFO: ParseTemplate Behavior ::run [ RunTime:0.007620s ]
INFO: [ view_parse ] --END-- [ RunTime:0.007733s ]
INFO: [ view_filter ] --START--
INFO: ContentReplace Behavior ::run [ RunTime:0.000549s ]
INFO: TokenBuild Behavior ::run [ RunTime:0.000557s ]
INFO: WriteHtmlCache Behavior ::run [ RunTime:0.000447s ]
INFO: ShowRuntime Behavior ::run [ RunTime:0.000634s ]
INFO: [ view_filter ] --END-- [ RunTime:0.002431s ]
INFO: [ view_end ] --START--
INFO: ShowPageTrace Behavior ::run [ RunTime:0.000689s ]
INFO: [ view_end ] --END-- [ RunTime:0.000775s ]

[ 2015-10-27T17:08:00+08:00 ] 127.0.0.1 /WeChat_vote/index.php
INFO: [ app_begin ] --START--
INFO: ReadHtmlCache Behavior ::run [ RunTime:0.000657s ]
INFO: [ app_begin ] --END-- [ RunTime:0.000751s ]
INFO: [ view_parse ] --START--
INFO: ParseTemplate Behavior ::run [ RunTime:0.006686s ]
INFO: [ view_parse ] --END-- [ RunTime:0.006785s ]
INFO: [ view_filter ] --START--
INFO: ContentReplace Behavior ::run [ RunTime:0.000478s ]
INFO: TokenBuild Behavior ::run [ RunTime:0.000475s ]
INFO: WriteHtmlCache Behavior ::run [ RunTime:0.000381s ]
INFO: ShowRuntime Behavior ::run [ RunTime:0.000543s ]
INFO: [ view_filter ] --END-- [ RunTime:0.002086s ]
INFO: [ view_end ] --START--
INFO: ShowPageTrace Behavior ::run [ RunTime:0.000616s ]
INFO: [ view_end ] --END-- [ RunTime:0.000689s ]

[ 2015-10-27T17:08:01+08:00 ] 127.0.0.1 /WeChat_vote/index.php
INFO: [ app_begin ] --START--
INFO: ReadHtmlCache Behavior ::run [ RunTime:0.000922s ]
INFO: [ app_begin ] --END-- [ RunTime:0.001120s ]
INFO: [ view_parse ] --START--
INFO: ParseTemplate Behavior ::run [ RunTime:0.009862s ]
INFO: [ view_parse ] --END-- [ RunTime:0.010017s ]
INFO: [ view_filter ] --START--
INFO: ContentReplace Behavior ::run [ RunTime:0.000643s ]
INFO: TokenBuild Behavior ::run [ RunTime:0.000732s ]
INFO: WriteHtmlCache Behavior ::run [ RunTime:0.000669s ]
INFO: ShowRuntime Behavior ::run [ RunTime:0.000875s ]
INFO: [ view_filter ] --END-- [ RunTime:0.003277s ]
INFO: [ view_end ] --START--
INFO: ShowPageTrace Behavior ::run [ RunTime:0.000857s ]
INFO: [ view_end ] --END-- [ RunTime:0.000980s ]

[ 2015-10-27T17:08:47+08:00 ] 127.0.0.1 /WeChat_vote/index.php
INFO: [ app_begin ] --START--
INFO: ReadHtmlCache Behavior ::run [ RunTime:0.001309s ]
INFO: [ app_begin ] --END-- [ RunTime:0.001485s ]
INFO: [ view_parse ] --START--
INFO: ParseTemplate Behavior ::run [ RunTime:0.007190s ]
INFO: [ view_parse ] --END-- [ RunTime:0.007304s ]
INFO: [ view_filter ] --START--
INFO: ContentReplace Behavior ::run [ RunTime:0.000484s ]
INFO: TokenBuild Behavior ::run [ RunTime:0.000477s ]
INFO: WriteHtmlCache Behavior ::run [ RunTime:0.000377s ]
INFO: ShowRuntime Behavior ::run [ RunTime:0.000543s ]
INFO: [ view_filter ] --END-- [ RunTime:0.002099s ]
INFO: [ view_end ] --START--
INFO: ShowPageTrace Behavior ::run [ RunTime:0.000790s ]
INFO: [ view_end ] --END-- [ RunTime:0.000867s ]

[ 2015-10-27T17:10:22+08:00 ] 127.0.0.1 /WeChat_vote/index.php
INFO: [ app_begin ] --START--
INFO: ReadHtmlCache Behavior ::run [ RunTime:0.000969s ]
INFO: [ app_begin ] --END-- [ RunTime:0.001145s ]
INFO: [ view_parse ] --START--
INFO: ParseTemplate Behavior ::run [ RunTime:0.008159s ]
INFO: [ view_parse ] --END-- [ RunTime:0.008274s ]
INFO: [ view_filter ] --START--
INFO: ContentReplace Behavior ::run [ RunTime:0.000550s ]
INFO: TokenBuild Behavior ::run [ RunTime:0.000552s ]
INFO: WriteHtmlCache Behavior ::run [ RunTime:0.000441s ]
INFO: ShowRuntime Behavior ::run [ RunTime:0.000658s ]
INFO: [ view_filter ] --END-- [ RunTime:0.002445s ]
INFO: [ view_end ] --START--
INFO: ShowPageTrace Behavior ::run [ RunTime:0.000809s ]
INFO: [ view_end ] --END-- [ RunTime:0.000909s ]

[ 2015-10-27T17:16:21+08:00 ] 127.0.0.1 /WeChat_vote/index.php
INFO: [ app_begin ] --START--
INFO: ReadHtmlCache Behavior ::run [ RunTime:0.002111s ]
INFO: [ app_begin ] --END-- [ RunTime:0.002333s ]
INFO: [ view_parse ] --START--
INFO: ParseTemplate Behavior ::run [ RunTime:0.007040s ]
INFO: [ view_parse ] --END-- [ RunTime:0.007180s ]
INFO: [ view_filter ] --START--
INFO: ContentReplace Behavior ::run [ RunTime:0.000616s ]
INFO: TokenBuild Behavior ::run [ RunTime:0.000490s ]
INFO: WriteHtmlCache Behavior ::run [ RunTime:0.000390s ]
INFO: ShowRuntime Behavior ::run [ RunTime:0.000552s ]
INFO: [ view_filter ] --END-- [ RunTime:0.002263s ]
INFO: [ view_end ] --START--
INFO: ShowPageTrace Behavior ::run [ RunTime:0.000598s ]
INFO: [ view_end ] --END-- [ RunTime:0.000671s ]

[ 2015-10-27T17:17:38+08:00 ] 127.0.0.1 /WeChat_vote/index.php
INFO: [ app_begin ] --START--
INFO: ReadHtmlCache Behavior ::run [ RunTime:0.000973s ]
INFO: [ app_begin ] --END-- [ RunTime:0.001110s ]
INFO: [ view_parse ] --START--
INFO: ParseTemplate Behavior ::run [ RunTime:0.009878s ]
INFO: [ view_parse ] --END-- [ RunTime:0.009998s ]
INFO: [ view_filter ] --START--
INFO: ContentReplace Behavior ::run [ RunTime:0.000499s ]
INFO: TokenBuild Behavior ::run [ RunTime:0.000482s ]
INFO: WriteHtmlCache Behavior ::run [ RunTime:0.000387s ]
INFO: ShowRuntime Behavior ::run [ RunTime:0.000554s ]
INFO: [ view_filter ] --END-- [ RunTime:0.002131s ]
INFO: [ view_end ] --START--
INFO: ShowPageTrace Behavior ::run [ RunTime:0.000597s ]
INFO: [ view_end ] --END-- [ RunTime:0.000672s ]

[ 2015-10-27T17:18:41+08:00 ] 127.0.0.1 /WeChat_vote/index.php
INFO: [ app_begin ] --START--
INFO: ReadHtmlCache Behavior ::run [ RunTime:0.000981s ]
INFO: [ app_begin ] --END-- [ RunTime:0.001122s ]
INFO: [ view_parse ] --START--
INFO: ParseTemplate Behavior ::run [ RunTime:0.010642s ]
INFO: [ view_parse ] --END-- [ RunTime:0.010773s ]
INFO: [ view_filter ] --START--
INFO: ContentReplace Behavior ::run [ RunTime:0.000534s ]
INFO: TokenBuild Behavior ::run [ RunTime:0.000486s ]
INFO: WriteHtmlCache Behavior ::run [ RunTime:0.000398s ]
INFO: ShowRuntime Behavior ::run [ RunTime:0.000558s ]
INFO: [ view_filter ] --END-- [ RunTime:0.002183s ]
INFO: [ view_end ] --START--
INFO: ShowPageTrace Behavior ::run [ RunTime:0.000603s ]
INFO: [ view_end ] --END-- [ RunTime:0.000679s ]

[ 2015-10-27T17:19:10+08:00 ] 127.0.0.1 /WeChat_vote/index.php
INFO: [ app_begin ] --START--
INFO: ReadHtmlCache Behavior ::run [ RunTime:0.001154s ]
INFO: [ app_begin ] --END-- [ RunTime:0.001325s ]
INFO: [ view_parse ] --START--
INFO: ParseTemplate Behavior ::run [ RunTime:0.010276s ]
INFO: [ view_parse ] --END-- [ RunTime:0.010423s ]
INFO: [ view_filter ] --START--
INFO: ContentReplace Behavior ::run [ RunTime:0.000729s ]
INFO: TokenBuild Behavior ::run [ RunTime:0.000723s ]
INFO: WriteHtmlCache Behavior ::run [ RunTime:0.000584s ]
INFO: ShowRuntime Behavior ::run [ RunTime:0.000787s ]
INFO: [ view_filter ] --END-- [ RunTime:0.003115s ]
INFO: [ view_end ] --START--
INFO: ShowPageTrace Behavior ::run [ RunTime:0.000611s ]
INFO: [ view_end ] --END-- [ RunTime:0.000687s ]

[ 2015-10-27T17:21:51+08:00 ] 127.0.0.1 /WeChat_vote/index.php
INFO: [ app_begin ] --START--
INFO: ReadHtmlCache Behavior ::run [ RunTime:0.001069s ]
INFO: [ app_begin ] --END-- [ RunTime:0.001213s ]
INFO: [ view_parse ] --START--
INFO: ParseTemplate Behavior ::run [ RunTime:0.007480s ]
INFO: [ view_parse ] --END-- [ RunTime:0.007606s ]
INFO: [ view_filter ] --START--
INFO: ContentReplace Behavior ::run [ RunTime:0.000495s ]
INFO: TokenBuild Behavior ::run [ RunTime:0.000480s ]
INFO: WriteHtmlCache Behavior ::run [ RunTime:0.000380s ]
INFO: ShowRuntime Behavior ::run [ RunTime:0.000547s ]
INFO: [ view_filter ] --END-- [ RunTime:0.002108s ]
INFO: [ view_end ] --START--
INFO: ShowPageTrace Behavior ::run [ RunTime:0.000698s ]
INFO: [ view_end ] --END-- [ RunTime:0.000796s ]

[ 2015-10-27T17:22:34+08:00 ] 127.0.0.1 /WeChat_vote/index.php
INFO: [ app_begin ] --START--
INFO: ReadHtmlCache Behavior ::run [ RunTime:0.000972s ]
INFO: [ app_begin ] --END-- [ RunTime:0.001107s ]
INFO: [ view_parse ] --START--
INFO: ParseTemplate Behavior ::run [ RunTime:0.010137s ]
INFO: [ view_parse ] --END-- [ RunTime:0.010280s ]
INFO: [ view_filter ] --START--
INFO: ContentReplace Behavior ::run [ RunTime:0.000757s ]
INFO: TokenBuild Behavior ::run [ RunTime:0.000718s ]
INFO: WriteHtmlCache Behavior ::run [ RunTime:0.000570s ]
INFO: ShowRuntime Behavior ::run [ RunTime:0.000823s ]
INFO: [ view_filter ] --END-- [ RunTime:0.003181s ]
INFO: [ view_end ] --START--
INFO: ShowPageTrace Behavior ::run [ RunTime:0.000902s ]
INFO: [ view_end ] --END-- [ RunTime:0.001016s ]

[ 2015-10-27T17:23:46+08:00 ] 127.0.0.1 /WeChat_vote/index.php
INFO: [ app_begin ] --START--
INFO: ReadHtmlCache Behavior ::run [ RunTime:0.000841s ]
INFO: [ app_begin ] --END-- [ RunTime:0.000963s ]
INFO: [ view_parse ] --START--
INFO: ParseTemplate Behavior ::run [ RunTime:0.008591s ]
INFO: [ view_parse ] --END-- [ RunTime:0.008708s ]
INFO: [ view_filter ] --START--
INFO: ContentReplace Behavior ::run [ RunTime:0.000626s ]
INFO: TokenBuild Behavior ::run [ RunTime:0.000620s ]
INFO: WriteHtmlCache Behavior ::run [ RunTime:0.000490s ]
INFO: ShowRuntime Behavior ::run [ RunTime:0.000714s ]
INFO: [ view_filter ] --END-- [ RunTime:0.002719s ]
INFO: [ view_end ] --START--
INFO: ShowPageTrace Behavior ::run [ RunTime:0.000768s ]
INFO: [ view_end ] --END-- [ RunTime:0.000864s ]

[ 2015-10-27T17:25:26+08:00 ] 127.0.0.1 /WeChat_vote/index.php
INFO: [ app_begin ] --START--
INFO: ReadHtmlCache Behavior ::run [ RunTime:0.000871s ]
INFO: [ app_begin ] --END-- [ RunTime:0.001007s ]
INFO: [ view_parse ] --START--
INFO: ParseTemplate Behavior ::run [ RunTime:0.006970s ]
INFO: [ view_parse ] --END-- [ RunTime:0.007072s ]
INFO: [ view_filter ] --START--
INFO: ContentReplace Behavior ::run [ RunTime:0.000494s ]
INFO: TokenBuild Behavior ::run [ RunTime:0.000480s ]
INFO: WriteHtmlCache Behavior ::run [ RunTime:0.000380s ]
INFO: ShowRuntime Behavior ::run [ RunTime:0.000549s ]
INFO: [ view_filter ] --END-- [ RunTime:0.002109s ]
INFO: [ view_end ] --START--
INFO: ShowPageTrace Behavior ::run [ RunTime:0.000592s ]
INFO: [ view_end ] --END-- [ RunTime:0.000666s ]

[ 2015-10-27T17:25:58+08:00 ] 127.0.0.1 /WeChat_vote/index.php
INFO: [ app_begin ] --START--
INFO: ReadHtmlCache Behavior ::run [ RunTime:0.000964s ]
INFO: [ app_begin ] --END-- [ RunTime:0.001101s ]
INFO: [ view_parse ] --START--
INFO: ParseTemplate Behavior ::run [ RunTime:0.010558s ]
INFO: [ view_parse ] --END-- [ RunTime:0.010699s ]
INFO: [ view_filter ] --START--
INFO: ContentReplace Behavior ::run [ RunTime:0.000763s ]
INFO: TokenBuild Behavior ::run [ RunTime:0.000765s ]
INFO: WriteHtmlCache Behavior ::run [ RunTime:0.000575s ]
INFO: ShowRuntime Behavior ::run [ RunTime:0.000823s ]
INFO: [ view_filter ] --END-- [ RunTime:0.003250s ]
INFO: [ view_end ] --START--
INFO: ShowPageTrace Behavior ::run [ RunTime:0.000716s ]
INFO: [ view_end ] --END-- [ RunTime:0.000805s ]

[ 2015-10-27T17:26:01+08:00 ] 127.0.0.1 /WeChat_vote/index.php
INFO: [ app_begin ] --START--
INFO: ReadHtmlCache Behavior ::run [ RunTime:0.001391s ]
INFO: [ app_begin ] --END-- [ RunTime:0.001581s ]
INFO: [ view_parse ] --START--
INFO: ParseTemplate Behavior ::run [ RunTime:0.014877s ]
INFO: [ view_parse ] --END-- [ RunTime:0.015141s ]
INFO: [ view_filter ] --START--
INFO: ContentReplace Behavior ::run [ RunTime:0.001043s ]
INFO: TokenBuild Behavior ::run [ RunTime:0.001037s ]
INFO: WriteHtmlCache Behavior ::run [ RunTime:0.000813s ]
INFO: ShowRuntime Behavior ::run [ RunTime:0.001166s ]
INFO: [ view_filter ] --END-- [ RunTime:0.004502s ]
INFO: [ view_end ] --START--
INFO: ShowPageTrace Behavior ::run [ RunTime:0.001267s ]
INFO: [ view_end ] --END-- [ RunTime:0.001424s ]

[ 2015-10-27T17:26:23+08:00 ] 127.0.0.1 /WeChat_vote/index.php
INFO: [ app_begin ] --START--
INFO: ReadHtmlCache Behavior ::run [ RunTime:0.000636s ]
INFO: [ app_begin ] --END-- [ RunTime:0.000754s ]
INFO: [ view_parse ] --START--
INFO: ParseTemplate Behavior ::run [ RunTime:0.008137s ]
INFO: [ view_parse ] --END-- [ RunTime:0.008258s ]
INFO: [ view_filter ] --START--
INFO: ContentReplace Behavior ::run [ RunTime:0.000528s ]
INFO: TokenBuild Behavior ::run [ RunTime:0.000515s ]
INFO: WriteHtmlCache Behavior ::run [ RunTime:0.000401s ]
INFO: ShowRuntime Behavior ::run [ RunTime:0.000604s ]
INFO: [ view_filter ] --END-- [ RunTime:0.002319s ]
INFO: [ view_end ] --START--
INFO: ShowPageTrace Behavior ::run [ RunTime:0.000667s ]
INFO: [ view_end ] --END-- [ RunTime:0.000763s ]

[ 2015-10-27T17:26:37+08:00 ] 127.0.0.1 /WeChat_vote/index.php
INFO: [ app_begin ] --START--
INFO: ReadHtmlCache Behavior ::run [ RunTime:0.001139s ]
INFO: [ app_begin ] --END-- [ RunTime:0.001297s ]
INFO: [ view_parse ] --START--
INFO: ParseTemplate Behavior ::run [ RunTime:0.009568s ]
INFO: [ view_parse ] --END-- [ RunTime:0.009692s ]
INFO: [ view_filter ] --START--
INFO: ContentReplace Behavior ::run [ RunTime:0.000489s ]
INFO: TokenBuild Behavior ::run [ RunTime:0.000480s ]
INFO: WriteHtmlCache Behavior ::run [ RunTime:0.000381s ]
INFO: ShowRuntime Behavior ::run [ RunTime:0.000548s ]
INFO: [ view_filter ] --END-- [ RunTime:0.002106s ]
INFO: [ view_end ] --START--
INFO: ShowPageTrace Behavior ::run [ RunTime:0.000595s ]
INFO: [ view_end ] --END-- [ RunTime:0.000668s ]

